<?xml version="1.0" encoding="UTF-8"?>
<testng-results skipped="0" failed="1" ignored="0" total="2" passed="1">
  <reporter-output>
  </reporter-output>
  <suite name="Suite" duration-ms="238987" started-at="2017-11-17T01:06:07Z" finished-at="2017-11-17T01:10:06Z">
    <groups>
    </groups>
    <test name="Test" duration-ms="238987" started-at="2017-11-17T01:06:07Z" finished-at="2017-11-17T01:10:06Z">
      <class name="com.thefloow.seleniumappium.test.TestEngine">
        <test-method status="PASS" signature="beforeSuite()[pri:0, instance:com.thefloow.seleniumappium.test.TestEngine@4883b407]" name="beforeSuite" is-config="true" duration-ms="531" started-at="2017-11-17T06:36:06Z" finished-at="2017-11-17T06:36:07Z">
          <reporter-output>
          </reporter-output>
        </test-method> <!-- beforeSuite -->
        <test-method status="PASS" signature="setup()[pri:0, instance:com.thefloow.seleniumappium.test.TestEngine@4883b407]" name="setup" is-config="true" duration-ms="37878" started-at="2017-11-17T06:36:07Z" finished-at="2017-11-17T06:36:44Z">
          <reporter-output>
          </reporter-output>
        </test-method> <!-- setup -->
        <test-method status="FAIL" signature="newaccountCreation(java.lang.reflect.Method)[pri:1, instance:com.thefloow.seleniumappium.test.TestEngine@4883b407]" name="newaccountCreation" duration-ms="140165" started-at="2017-11-17T06:36:44Z" finished-at="2017-11-17T06:39:05Z">
          <params>
            <param index="0">
              <value>
                <![CDATA[public void com.thefloow.seleniumappium.test.TestEngine.newaccountCreation(java.lang.reflect.Method) throws java.lang.Exception]]>
              </value>
            </param>
          </params>
          <exception class="org.openqa.selenium.NoSuchElementException">
            <message>
              <![CDATA[An element could not be located on the page using the given search parameters. (WARNING: The server did not provide any stacktrace information)
Command duration or timeout: 0 milliseconds
For documentation on this error, please visit: http://seleniumhq.org/exceptions/no_such_element.html
Build info: version: '3.7.1', revision: '8a0099a', time: '2017-11-06T21:01:39.354Z'
System info: host: 'MSTSYS0088', ip: '192.168.8.100', os.name: 'Windows 10', os.arch: 'amd64', os.version: '10.0', java.version: '1.8.0_121'
Driver info: io.appium.java_client.android.AndroidDriver
Capabilities {app: D:\Workspace\TheFloow\appli..., appActivity: com.thefloow.flo.activity.L..., appPackage: com.thefloow.flo, browserName: , databaseEnabled: false, desired: {app: D:\Workspace\TheFloow\appli..., appActivity: com.thefloow.flo.activity.L..., appPackage: com.thefloow.flo, browserName: , deviceName: Y541-U02V100R001C583B106, platformName: Android, platformVersion: 4.4.2}, deviceName: 60D15422D16348L1542, javascriptEnabled: true, locationContextEnabled: false, networkConnectionEnabled: true, platform: LINUX, platformName: LINUX, platformVersion: 4.4.2, takesScreenshot: true, warnings: {}, webStorageEnabled: false}
Session ID: 5505c690-d215-484a-97e1-671514e4b1f8
*** Element info: {Using=id, value=com.thefloow.flo:id/edit_text_confirm_password@}]]>
            </message>
            <full-stacktrace>
              <![CDATA[org.openqa.selenium.NoSuchElementException: An element could not be located on the page using the given search parameters. (WARNING: The server did not provide any stacktrace information)
Command duration or timeout: 0 milliseconds
For documentation on this error, please visit: http://seleniumhq.org/exceptions/no_such_element.html
Build info: version: '3.7.1', revision: '8a0099a', time: '2017-11-06T21:01:39.354Z'
System info: host: 'MSTSYS0088', ip: '192.168.8.100', os.name: 'Windows 10', os.arch: 'amd64', os.version: '10.0', java.version: '1.8.0_121'
Driver info: io.appium.java_client.android.AndroidDriver
Capabilities {app: D:\Workspace\TheFloow\appli..., appActivity: com.thefloow.flo.activity.L..., appPackage: com.thefloow.flo, browserName: , databaseEnabled: false, desired: {app: D:\Workspace\TheFloow\appli..., appActivity: com.thefloow.flo.activity.L..., appPackage: com.thefloow.flo, browserName: , deviceName: Y541-U02V100R001C583B106, platformName: Android, platformVersion: 4.4.2}, deviceName: 60D15422D16348L1542, javascriptEnabled: true, locationContextEnabled: false, networkConnectionEnabled: true, platform: LINUX, platformName: LINUX, platformVersion: 4.4.2, takesScreenshot: true, warnings: {}, webStorageEnabled: false}
Session ID: 5505c690-d215-484a-97e1-671514e4b1f8
*** Element info: {Using=id, value=com.thefloow.flo:id/edit_text_confirm_password@}
	at sun.reflect.NativeConstructorAccessorImpl.newInstance0(Native Method)
	at sun.reflect.NativeConstructorAccessorImpl.newInstance(NativeConstructorAccessorImpl.java:62)
	at sun.reflect.DelegatingConstructorAccessorImpl.newInstance(DelegatingConstructorAccessorImpl.java:45)
	at java.lang.reflect.Constructor.newInstance(Constructor.java:423)
	at org.openqa.selenium.remote.ErrorHandler.createThrowable(ErrorHandler.java:214)
	at org.openqa.selenium.remote.ErrorHandler.throwIfResponseFailed(ErrorHandler.java:166)
	at org.openqa.selenium.remote.http.JsonHttpResponseCodec.reconstructValue(JsonHttpResponseCodec.java:40)
	at org.openqa.selenium.remote.http.AbstractHttpResponseCodec.decode(AbstractHttpResponseCodec.java:80)
	at org.openqa.selenium.remote.http.AbstractHttpResponseCodec.decode(AbstractHttpResponseCodec.java:44)
	at org.openqa.selenium.remote.HttpCommandExecutor.execute(HttpCommandExecutor.java:164)
	at io.appium.java_client.remote.AppiumCommandExecutor.execute(AppiumCommandExecutor.java:89)
	at org.openqa.selenium.remote.RemoteWebDriver.execute(RemoteWebDriver.java:600)
	at io.appium.java_client.DefaultGenericMobileDriver.execute(DefaultGenericMobileDriver.java:42)
	at io.appium.java_client.AppiumDriver.execute(AppiumDriver.java:1)
	at io.appium.java_client.android.AndroidDriver.execute(AndroidDriver.java:1)
	at org.openqa.selenium.remote.RemoteWebDriver.findElement(RemoteWebDriver.java:370)
	at io.appium.java_client.DefaultGenericMobileDriver.findElement(DefaultGenericMobileDriver.java:62)
	at io.appium.java_client.AppiumDriver.findElement(AppiumDriver.java:1)
	at io.appium.java_client.android.AndroidDriver.findElement(AndroidDriver.java:1)
	at org.openqa.selenium.remote.RemoteWebDriver.findElementById(RemoteWebDriver.java:416)
	at io.appium.java_client.DefaultGenericMobileDriver.findElementById(DefaultGenericMobileDriver.java:70)
	at io.appium.java_client.AppiumDriver.findElementById(AppiumDriver.java:1)
	at io.appium.java_client.android.AndroidDriver.findElementById(AndroidDriver.java:1)
	at org.openqa.selenium.By$ById.findElement(By.java:218)
	at org.openqa.selenium.remote.RemoteWebDriver.findElement(RemoteWebDriver.java:362)
	at io.appium.java_client.DefaultGenericMobileDriver.findElement(DefaultGenericMobileDriver.java:58)
	at io.appium.java_client.AppiumDriver.findElement(AppiumDriver.java:1)
	at io.appium.java_client.android.AndroidDriver.findElement(AndroidDriver.java:1)
	at org.openqa.selenium.support.pagefactory.DefaultElementLocator.findElement(DefaultElementLocator.java:69)
	at org.openqa.selenium.support.pagefactory.internal.LocatingElementHandler.invoke(LocatingElementHandler.java:38)
	at com.sun.proxy.$Proxy11.sendKeys(Unknown Source)
	at com.thefloow.seleniumappium.test.TestEngine.newaccountCreation(TestEngine.java:108)
	at sun.reflect.NativeMethodAccessorImpl.invoke0(Native Method)
	at sun.reflect.NativeMethodAccessorImpl.invoke(NativeMethodAccessorImpl.java:62)
	at sun.reflect.DelegatingMethodAccessorImpl.invoke(DelegatingMethodAccessorImpl.java:43)
	at java.lang.reflect.Method.invoke(Method.java:498)
	at org.testng.internal.MethodInvocationHelper.invokeMethod(MethodInvocationHelper.java:104)
	at org.testng.internal.Invoker.invokeMethod(Invoker.java:645)
	at org.testng.internal.Invoker.invokeTestMethod(Invoker.java:851)
	at org.testng.internal.Invoker.invokeTestMethods(Invoker.java:1177)
	at org.testng.internal.TestMethodWorker.invokeTestMethods(TestMethodWorker.java:129)
	at org.testng.internal.TestMethodWorker.run(TestMethodWorker.java:112)
	at org.testng.TestRunner.privateRun(TestRunner.java:756)
	at org.testng.TestRunner.run(TestRunner.java:610)
	at org.testng.SuiteRunner.runTest(SuiteRunner.java:387)
	at org.testng.SuiteRunner.runSequentially(SuiteRunner.java:382)
	at org.testng.SuiteRunner.privateRun(SuiteRunner.java:340)
	at org.testng.SuiteRunner.run(SuiteRunner.java:289)
	at org.testng.SuiteRunnerWorker.runSuite(SuiteRunnerWorker.java:52)
	at org.testng.SuiteRunnerWorker.run(SuiteRunnerWorker.java:86)
	at org.testng.TestNG.runSuitesSequentially(TestNG.java:1293)
	at org.testng.TestNG.runSuitesLocally(TestNG.java:1218)
	at org.testng.TestNG.runSuites(TestNG.java:1133)
	at org.testng.TestNG.run(TestNG.java:1104)
	at org.testng.remote.AbstractRemoteTestNG.run(AbstractRemoteTestNG.java:114)
	at org.testng.remote.RemoteTestNG.initAndRun(RemoteTestNG.java:251)
	at org.testng.remote.RemoteTestNG.main(RemoteTestNG.java:77)
]]>
            </full-stacktrace>
          </exception> <!-- org.openqa.selenium.NoSuchElementException -->
          <reporter-output>
          </reporter-output>
        </test-method> <!-- newaccountCreation -->
        <test-method status="PASS" signature="tearDown(org.testng.ITestResult)[pri:0, instance:com.thefloow.seleniumappium.test.TestEngine@4883b407]" name="tearDown" is-config="true" duration-ms="1873" started-at="2017-11-17T06:39:05Z" finished-at="2017-11-17T06:39:06Z">
          <params>
            <param index="0">
              <value>
                <![CDATA[[TestResult name=newaccountCreation status=FAILURE method=TestEngine.newaccountCreation(java.lang.reflect.Method)[pri:1, instance:com.thefloow.seleniumappium.test.TestEngine@4883b407] output={null}]]]>
              </value>
            </param>
          </params>
          <reporter-output>
          </reporter-output>
        </test-method> <!-- tearDown -->
        <test-method status="PASS" signature="setup()[pri:0, instance:com.thefloow.seleniumappium.test.TestEngine@4883b407]" name="setup" is-config="true" duration-ms="11550" started-at="2017-11-17T06:39:06Z" finished-at="2017-11-17T06:39:18Z">
          <reporter-output>
          </reporter-output>
        </test-method> <!-- setup -->
        <test-method status="PASS" signature="verifyingEndtoEndFlow(java.lang.reflect.Method)[pri:2, instance:com.thefloow.seleniumappium.test.TestEngine@4883b407]" name="verifyingEndtoEndFlow" duration-ms="46526" started-at="2017-11-17T06:39:18Z" finished-at="2017-11-17T06:40:05Z">
          <params>
            <param index="0">
              <value>
                <![CDATA[public void com.thefloow.seleniumappium.test.TestEngine.verifyingEndtoEndFlow(java.lang.reflect.Method) throws java.lang.Exception]]>
              </value>
            </param>
          </params>
          <reporter-output>
          </reporter-output>
        </test-method> <!-- verifyingEndtoEndFlow -->
        <test-method status="PASS" signature="tearDown(org.testng.ITestResult)[pri:0, instance:com.thefloow.seleniumappium.test.TestEngine@4883b407]" name="tearDown" is-config="true" duration-ms="971" started-at="2017-11-17T06:40:05Z" finished-at="2017-11-17T06:40:06Z">
          <params>
            <param index="0">
              <value>
                <![CDATA[[TestResult name=verifyingEndtoEndFlow status=SUCCESS method=TestEngine.verifyingEndtoEndFlow(java.lang.reflect.Method)[pri:2, instance:com.thefloow.seleniumappium.test.TestEngine@4883b407] output={null}]]]>
              </value>
            </param>
          </params>
          <reporter-output>
          </reporter-output>
        </test-method> <!-- tearDown -->
        <test-method status="PASS" signature="afterSuite()[pri:0, instance:com.thefloow.seleniumappium.test.TestEngine@4883b407]" name="afterSuite" is-config="true" duration-ms="397" started-at="2017-11-17T06:40:06Z" finished-at="2017-11-17T06:40:06Z">
          <reporter-output>
          </reporter-output>
        </test-method> <!-- afterSuite -->
      </class> <!-- com.thefloow.seleniumappium.test.TestEngine -->
    </test> <!-- Test -->
  </suite> <!-- Suite -->
</testng-results>
